<?xml version="1.0" encoding="UTF-8"?>
<coverage generated="1687295470808" clover="3.2.0">
  <project timestamp="1687295470809" name="All files">
    <metrics statements="11" coveredstatements="10" conditionals="0" coveredconditionals="0" methods="9" coveredmethods="6" elements="20" coveredelements="16" complexity="0" loc="11" ncloc="11" packages="1" files="1" classes="1"/>
    <file name="handler.ts" path="/Users/lorenzo/dev/my-workspace/pagopa/mie/op-on-collection/src/handler.ts">
      <metrics statements="11" coveredstatements="10" conditionals="0" coveredconditionals="0" methods="9" coveredmethods="6"/>
      <line num="2" count="1" type="stmt"/>
      <line num="3" count="1" type="stmt"/>
      <line num="4" count="1" type="stmt"/>
      <line num="5" count="1" type="stmt"/>
      <line num="6" count="1" type="stmt"/>
      <line num="7" count="1" type="stmt"/>
      <line num="8" count="1" type="stmt"/>
      <line num="9" count="1" type="stmt"/>
      <line num="11" count="0" type="stmt"/>
      <line num="13" count="1" type="stmt"/>
      <line num="14" count="1" type="stmt"/>
    </file>
  </project>
</coverage>
