{"/Users/lorenzo/dev/my-workspace/pagopa/mie/op-on-collection/src/handler.ts": {"path":"/Users/lorenzo/dev/my-workspace/pagopa/mie/op-on-collection/src/handler.ts","statementMap":{"0":{"start":{"line":2,"column":0},"end":{"line":2,"column":62}},"1":{"start":{"line":3,"column":0},"end":{"line":3,"column":34}},"2":{"start":{"line":4,"column":19},"end":{"line":4,"column":48}},"3":{"start":{"line":5,"column":11},"end":{"line":5,"column":38}},"4":{"start":{"line":6,"column":19},"end":{"line":6,"column":82}},"5":{"start":{"line":7,"column":20},"end":{"line":7,"column":63}},"6":{"start":{"line":8,"column":11},"end":{"line":8,"column":45}},"7":{"start":{"line":9,"column":25},"end":{"line":13,"column":85}},"8":{"start":{"line":9,"column":54},"end":{"line":13,"column":85}},"9":{"start":{"line":9,"column":87},"end":{"line":13,"column":85}},"10":{"start":{"line":9,"column":142},"end":{"line":13,"column":51}},"11":{"start":{"line":9,"column":239},"end":{"line":9,"column":320}},"12":{"start":{"line":9,"column":353},"end":{"line":9,"column":470}},"13":{"start":{"line":9,"column":501},"end":{"line":11,"column":46}},"14":{"start":{"line":9,"column":519},"end":{"line":11,"column":27}},"15":{"start":{"line":11,"column":40},"end":{"line":11,"column":45}},"16":{"start":{"line":13,"column":13},"end":{"line":13,"column":49}},"17":{"start":{"line":14,"column":0},"end":{"line":14,"column":44}}},"fnMap":{"0":{"name":"(anonymous_0)","decl":{"start":{"line":9,"column":25},"end":{"line":9,"column":26}},"loc":{"start":{"line":9,"column":54},"end":{"line":13,"column":85}},"line":9},"1":{"name":"(anonymous_1)","decl":{"start":{"line":9,"column":54},"end":{"line":9,"column":55}},"loc":{"start":{"line":9,"column":87},"end":{"line":13,"column":85}},"line":9},"2":{"name":"(anonymous_2)","decl":{"start":{"line":9,"column":127},"end":{"line":9,"column":128}},"loc":{"start":{"line":9,"column":142},"end":{"line":13,"column":51}},"line":9},"3":{"name":"(anonymous_3)","decl":{"start":{"line":9,"column":226},"end":{"line":9,"column":227}},"loc":{"start":{"line":9,"column":239},"end":{"line":9,"column":320}},"line":9},"4":{"name":"(anonymous_4)","decl":{"start":{"line":9,"column":347},"end":{"line":9,"column":348}},"loc":{"start":{"line":9,"column":353},"end":{"line":9,"column":470}},"line":9},"5":{"name":"(anonymous_5)","decl":{"start":{"line":9,"column":484},"end":{"line":9,"column":485}},"loc":{"start":{"line":9,"column":501},"end":{"line":11,"column":46}},"line":9},"6":{"name":"(anonymous_6)","decl":{"start":{"line":9,"column":513},"end":{"line":9,"column":514}},"loc":{"start":{"line":9,"column":519},"end":{"line":11,"column":27}},"line":9},"7":{"name":"(anonymous_7)","decl":{"start":{"line":11,"column":29},"end":{"line":11,"column":30}},"loc":{"start":{"line":11,"column":40},"end":{"line":11,"column":45}},"line":11},"8":{"name":"(anonymous_8)","decl":{"start":{"line":13,"column":7},"end":{"line":13,"column":8}},"loc":{"start":{"line":13,"column":13},"end":{"line":13,"column":49}},"line":13}},"branchMap":{},"s":{"0":1,"1":1,"2":1,"3":1,"4":1,"5":1,"6":1,"7":1,"8":1,"9":1,"10":1,"11":0,"12":0,"13":1,"14":1,"15":0,"16":1,"17":1},"f":{"0":1,"1":1,"2":1,"3":0,"4":0,"5":1,"6":1,"7":0,"8":1},"b":{},"_coverageSchema":"1a1c01bbd47fc00a2c39e90264f33305004495a9","hash":"ae7382fbc9fd06b691b32c52c35a08ea6373a0be"}
}
